# JRE version: OpenJDK Runtime Environment Temurin-17.0.7+7 (17.0.7+7) (build 17.0.7+7)
# Java VM: OpenJDK 64-Bit Server VM Temurin-17.0.7+7 (17.0.7+7, mixed mode, sharing, tiered, compressed oops, compressed class ptrs, g1 gc, windows-amd64)
GC Precious Log:
 CPUs: 8 total, 8 available
 Memory: 8013M
 Large Page Support: Disabled
 NUMA Support: Disabled
 Compressed Oops: Enabled (Zero based)
 Heap Region Size: 2M
 Heap Min Capacity: 512M
 Heap Initial Capacity: 512M
 Heap Max Capacity: 4072M
 Pre-touch: Disabled
 Parallel Workers: 8
 Concurrent Workers: 2
 Concurrent Refinement Workers: 8
 Periodic GC: Disabled
 String Deduplication is enabled
Heap:
 garbage-first heap   total 524288K, used 172070K [0x0000000701800000, 0x0000000800000000)
  region size 2048K, 38 young (77824K), 2 survivors (4096K)
 Metaspace       used 94075K, committed 94720K, reserved 1179648K
  class space    used 13410K, committed 13760K, reserved 1048576K
GC Heap History (20 events):
Event: 70498.832 GC heap before
{Heap before GC invocations=253 (full 12):
 garbage-first heap   total 524288K, used 173961K [0x0000000701800000, 0x0000000800000000)
  region size 2048K, 40 young (81920K), 1 survivors (2048K)
 Metaspace       used 93883K, committed 94656K, reserved 1179648K
  class space    used 13410K, committed 13760K, reserved 1048576K
}
Event: 70498.835 GC heap after
{Heap after GC invocations=254 (full 12):
 garbage-first heap   total 524288K, used 94829K [0x0000000701800000, 0x0000000800000000)
  region size 2048K, 1 young (2048K), 1 survivors (2048K)
 Metaspace       used 93883K, committed 94656K, reserved 1179648K
  class space    used 13410K, committed 13760K, reserved 1048576K
}
Event: 70554.733 GC heap before
{Heap before GC invocations=254 (full 12):
 garbage-first heap   total 524288K, used 174701K [0x0000000701800000, 0x0000000800000000)
  region size 2048K, 40 young (81920K), 1 survivors (2048K)
 Metaspace       used 93883K, committed 94656K, reserved 1179648K
  class space    used 13410K, committed 13760K, reserved 1048576K
}
Event: 70554.735 GC heap after
{Heap after GC invocations=255 (full 12):
 garbage-first heap   total 524288K, used 94754K [0x0000000701800000, 0x0000000800000000)
  region size 2048K, 1 young (2048K), 1 survivors (2048K)
 Metaspace       used 93883K, committed 94656K, reserved 1179648K
  class space    used 13410K, committed 13760K, reserved 1048576K
}
Event: 70568.047 GC heap before
{Heap before GC invocations=255 (full 12):
 garbage-first heap   total 524288K, used 174626K [0x0000000701800000, 0x0000000800000000)
  region size 2048K, 40 young (81920K), 1 survivors (2048K)
 Metaspace       used 93925K, committed 94656K, reserved 1179648K
  class space    used 13410K, committed 13760K, reserved 1048576K
}
Event: 70568.055 GC heap after
{Heap after GC invocations=256 (full 12):
 garbage-first heap   total 524288K, used 99234K [0x0000000701800000, 0x0000000800000000)
  region size 2048K, 3 young (6144K), 3 survivors (6144K)
 Metaspace       used 93925K, committed 94656K, reserved 1179648K
  class space    used 13410K, committed 13760K, reserved 1048576K
}
Event: 70580.692 GC heap before
{Heap before GC invocations=256 (full 12):
 garbage-first heap   total 524288K, used 175010K [0x0000000701800000, 0x0000000800000000)
  region size 2048K, 40 young (81920K), 3 survivors (6144K)
 Metaspace       used 93942K, committed 94656K, reserved 1179648K
  class space    used 13410K, committed 13760K, reserved 1048576K
}
Event: 70580.697 GC heap after
{Heap after GC invocations=257 (full 12):
 garbage-first heap   total 524288K, used 99035K [0x0000000701800000, 0x0000000800000000)
  region size 2048K, 3 young (6144K), 3 survivors (6144K)
 Metaspace       used 93942K, committed 94656K, reserved 1179648K
  class space    used 13410K, committed 13760K, reserved 1048576K
}
Event: 70604.391 GC heap before
{Heap before GC invocations=257 (full 12):
 garbage-first heap   total 524288K, used 174811K [0x0000000701800000, 0x0000000800000000)
  region size 2048K, 40 young (81920K), 3 survivors (6144K)
 Metaspace       used 93973K, committed 94656K, reserved 1179648K
  class space    used 13410K, committed 13760K, reserved 1048576K
}
Event: 70604.395 GC heap after
{Heap after GC invocations=258 (full 12):
 garbage-first heap   total 524288K, used 99801K [0x0000000701800000, 0x0000000800000000)
  region size 2048K, 3 young (6144K), 3 survivors (6144K)
 Metaspace       used 93973K, committed 94656K, reserved 1179648K
  class space    used 13410K, committed 13760K, reserved 1048576K
}
Event: 70638.446 GC heap before
{Heap before GC invocations=258 (full 12):
 garbage-first heap   total 524288K, used 175577K [0x0000000701800000, 0x0000000800000000)
  region size 2048K, 40 young (81920K), 3 survivors (6144K)
 Metaspace       used 93973K, committed 94656K, reserved 1179648K
  class space    used 13410K, committed 13760K, reserved 1048576K
}
Event: 70638.450 GC heap after
{Heap after GC invocations=259 (full 12):
 garbage-first heap   total 524288K, used 99751K [0x0000000701800000, 0x0000000800000000)
  region size 2048K, 3 young (6144K), 3 survivors (6144K)
 Metaspace       used 93973K, committed 94656K, reserved 1179648K
  class space    used 13410K, committed 13760K, reserved 1048576K
}
Event: 70673.239 GC heap before
{Heap before GC invocations=259 (full 12):
 garbage-first heap   total 524288K, used 175527K [0x0000000701800000, 0x0000000800000000)
  region size 2048K, 40 young (81920K), 3 survivors (6144K)
 Metaspace       used 94029K, committed 94656K, reserved 1179648K
  class space    used 13410K, committed 13760K, reserved 1048576K
}
Event: 70673.243 GC heap after
{Heap after GC invocations=260 (full 12):
 garbage-first heap   total 524288K, used 99791K [0x0000000701800000, 0x0000000800000000)
  region size 2048K, 3 young (6144K), 3 survivors (6144K)
 Metaspace       used 94029K, committed 94656K, reserved 1179648K
  class space    used 13410K, committed 13760K, reserved 1048576K
}
Event: 70701.637 GC heap before
{Heap before GC invocations=260 (full 12):
 garbage-first heap   total 524288K, used 175567K [0x0000000701800000, 0x0000000800000000)
  region size 2048K, 40 young (81920K), 3 survivors (6144K)
 Metaspace       used 94033K, committed 94656K, reserved 1179648K
  class space    used 13410K, committed 13760K, reserved 1048576K
}
Event: 70701.641 GC heap after
{Heap after GC invocations=261 (full 12):
 garbage-first heap   total 524288K, used 99647K [0x0000000701800000, 0x0000000800000000)
  region size 2048K, 3 young (6144K), 3 survivors (6144K)
 Metaspace       used 94033K, committed 94656K, reserved 1179648K
  class space    used 13410K, committed 13760K, reserved 1048576K
}
Event: 70738.719 GC heap before
{Heap before GC invocations=261 (full 12):
 garbage-first heap   total 524288K, used 173375K [0x0000000701800000, 0x0000000800000000)
  region size 2048K, 40 young (81920K), 3 survivors (6144K)
 Metaspace       used 94053K, committed 94656K, reserved 1179648K
  class space    used 13410K, committed 13760K, reserved 1048576K
}
Event: 70738.724 GC heap after
{Heap after GC invocations=262 (full 12):
 garbage-first heap   total 524288K, used 101333K [0x0000000701800000, 0x0000000800000000)
  region size 2048K, 4 young (8192K), 4 survivors (8192K)
 Metaspace       used 94053K, committed 94656K, reserved 1179648K
  class space    used 13410K, committed 13760K, reserved 1048576K
}
Event: 70739.917 GC heap before
{Heap before GC invocations=262 (full 12):
 garbage-first heap   total 524288K, used 175061K [0x0000000701800000, 0x0000000800000000)
  region size 2048K, 40 young (81920K), 4 survivors (8192K)
 Metaspace       used 94061K, committed 94656K, reserved 1179648K
  class space    used 13410K, committed 13760K, reserved 1048576K
}
Event: 70739.926 GC heap after
{Heap after GC invocations=263 (full 12):
 garbage-first heap   total 524288K, used 100390K [0x0000000701800000, 0x0000000800000000)
  region size 2048K, 2 young (4096K), 2 survivors (4096K)
 Metaspace       used 94061K, committed 94656K, reserved 1179648K
  class space    used 13410K, committed 13760K, reserved 1048576K
}

