# JRE version: OpenJDK Runtime Environment Temurin-17.0.7+7 (17.0.7+7) (build 17.0.7+7)
# Java VM: OpenJDK 64-Bit Server VM Temurin-17.0.7+7 (17.0.7+7, mixed mode, sharing, tiered, compressed oops, compressed class ptrs, g1 gc, windows-amd64)
GC Precious Log:
 CPUs: 8 total, 8 available
 Memory: 8013M
 Large Page Support: Disabled
 NUMA Support: Disabled
 Compressed Oops: Enabled (Zero based)
 Heap Region Size: 2M
 Heap Min Capacity: 512M
 Heap Initial Capacity: 512M
 Heap Max Capacity: 4072M
 Pre-touch: Disabled
 Parallel Workers: 8
 Concurrent Workers: 2
 Concurrent Refinement Workers: 8
 Periodic GC: Disabled
 String Deduplication is enabled
Heap:
 garbage-first heap   total 524288K, used 141504K [0x0000000701800000, 0x0000000800000000)
  region size 2048K, 24 young (49152K), 3 survivors (6144K)
 Metaspace       used 86408K, committed 87104K, reserved 1179648K
  class space    used 12067K, committed 12416K, reserved 1048576K
GC Heap History (20 events):
Event: 1548.888 GC heap before
{Heap before GC invocations=50 (full 3):
 garbage-first heap   total 524288K, used 163481K [0x0000000701800000, 0x0000000800000000)
  region size 2048K, 40 young (81920K), 2 survivors (4096K)
 Metaspace       used 84942K, committed 85632K, reserved 1179648K
  class space    used 11921K, committed 12288K, reserved 1048576K
}
Event: 1548.892 GC heap after
{Heap after GC invocations=51 (full 3):
 garbage-first heap   total 524288K, used 85775K [0x0000000701800000, 0x0000000800000000)
  region size 2048K, 2 young (4096K), 2 survivors (4096K)
 Metaspace       used 84942K, committed 85632K, reserved 1179648K
  class space    used 11921K, committed 12288K, reserved 1048576K
}
Event: 1581.144 GC heap before
{Heap before GC invocations=51 (full 3):
 garbage-first heap   total 524288K, used 163599K [0x0000000701800000, 0x0000000800000000)
  region size 2048K, 40 young (81920K), 2 survivors (4096K)
 Metaspace       used 85044K, committed 85760K, reserved 1179648K
  class space    used 11922K, committed 12288K, reserved 1048576K
}
Event: 1581.148 GC heap after
{Heap after GC invocations=52 (full 3):
 garbage-first heap   total 524288K, used 86786K [0x0000000701800000, 0x0000000800000000)
  region size 2048K, 3 young (6144K), 3 survivors (6144K)
 Metaspace       used 85044K, committed 85760K, reserved 1179648K
  class space    used 11922K, committed 12288K, reserved 1048576K
}
Event: 1594.282 GC heap before
{Heap before GC invocations=52 (full 3):
 garbage-first heap   total 524288K, used 162562K [0x0000000701800000, 0x0000000800000000)
  region size 2048K, 40 young (81920K), 3 survivors (6144K)
 Metaspace       used 85141K, committed 85888K, reserved 1179648K
  class space    used 11922K, committed 12288K, reserved 1048576K
}
Event: 1594.286 GC heap after
{Heap after GC invocations=53 (full 3):
 garbage-first heap   total 524288K, used 87594K [0x0000000701800000, 0x0000000800000000)
  region size 2048K, 3 young (6144K), 3 survivors (6144K)
 Metaspace       used 85141K, committed 85888K, reserved 1179648K
  class space    used 11922K, committed 12288K, reserved 1048576K
}
Event: 1601.057 GC heap before
{Heap before GC invocations=53 (full 3):
 garbage-first heap   total 524288K, used 163370K [0x0000000701800000, 0x0000000800000000)
  region size 2048K, 40 young (81920K), 3 survivors (6144K)
 Metaspace       used 85141K, committed 85888K, reserved 1179648K
  class space    used 11922K, committed 12288K, reserved 1048576K
}
Event: 1601.060 GC heap after
{Heap after GC invocations=54 (full 3):
 garbage-first heap   total 524288K, used 87500K [0x0000000701800000, 0x0000000800000000)
  region size 2048K, 3 young (6144K), 3 survivors (6144K)
 Metaspace       used 85141K, committed 85888K, reserved 1179648K
  class space    used 11922K, committed 12288K, reserved 1048576K
}
Event: 1609.384 GC heap before
{Heap before GC invocations=54 (full 3):
 garbage-first heap   total 524288K, used 163276K [0x0000000701800000, 0x0000000800000000)
  region size 2048K, 40 young (81920K), 3 survivors (6144K)
 Metaspace       used 85203K, committed 85888K, reserved 1179648K
  class space    used 11929K, committed 12288K, reserved 1048576K
}
Event: 1609.387 GC heap after
{Heap after GC invocations=55 (full 3):
 garbage-first heap   total 524288K, used 87433K [0x0000000701800000, 0x0000000800000000)
  region size 2048K, 3 young (6144K), 3 survivors (6144K)
 Metaspace       used 85203K, committed 85888K, reserved 1179648K
  class space    used 11929K, committed 12288K, reserved 1048576K
}
Event: 1619.059 GC heap before
{Heap before GC invocations=55 (full 3):
 garbage-first heap   total 524288K, used 163209K [0x0000000701800000, 0x0000000800000000)
  region size 2048K, 40 young (81920K), 3 survivors (6144K)
 Metaspace       used 85304K, committed 85952K, reserved 1179648K
  class space    used 11937K, committed 12288K, reserved 1048576K
}
Event: 1619.064 GC heap after
{Heap after GC invocations=56 (full 3):
 garbage-first heap   total 524288K, used 90910K [0x0000000701800000, 0x0000000800000000)
  region size 2048K, 5 young (10240K), 5 survivors (10240K)
 Metaspace       used 85304K, committed 85952K, reserved 1179648K
  class space    used 11937K, committed 12288K, reserved 1048576K
}
Event: 1619.714 GC heap before
{Heap before GC invocations=56 (full 3):
 garbage-first heap   total 524288K, used 162590K [0x0000000701800000, 0x0000000800000000)
  region size 2048K, 40 young (81920K), 5 survivors (10240K)
 Metaspace       used 85457K, committed 86144K, reserved 1179648K
  class space    used 11955K, committed 12288K, reserved 1048576K
}
Event: 1619.723 GC heap after
{Heap after GC invocations=57 (full 3):
 garbage-first heap   total 524288K, used 96160K [0x0000000701800000, 0x0000000800000000)
  region size 2048K, 5 young (10240K), 5 survivors (10240K)
 Metaspace       used 85457K, committed 86144K, reserved 1179648K
  class space    used 11955K, committed 12288K, reserved 1048576K
}
Event: 1620.340 GC heap before
{Heap before GC invocations=57 (full 3):
 garbage-first heap   total 524288K, used 167840K [0x0000000701800000, 0x0000000800000000)
  region size 2048K, 40 young (81920K), 5 survivors (10240K)
 Metaspace       used 85603K, committed 86272K, reserved 1179648K
  class space    used 11955K, committed 12288K, reserved 1048576K
}
Event: 1620.355 GC heap after
{Heap after GC invocations=58 (full 3):
 garbage-first heap   total 524288K, used 99611K [0x0000000701800000, 0x0000000800000000)
  region size 2048K, 2 young (4096K), 2 survivors (4096K)
 Metaspace       used 85603K, committed 86272K, reserved 1179648K
  class space    used 11955K, committed 12288K, reserved 1048576K
}
Event: 1631.899 GC heap before
{Heap before GC invocations=58 (full 3):
 garbage-first heap   total 524288K, used 177435K [0x0000000701800000, 0x0000000800000000)
  region size 2048K, 40 young (81920K), 2 survivors (4096K)
 Metaspace       used 86340K, committed 87040K, reserved 1179648K
  class space    used 12067K, committed 12416K, reserved 1048576K
}
Event: 1631.903 GC heap after
{Heap after GC invocations=59 (full 3):
 garbage-first heap   total 524288K, used 100616K [0x0000000701800000, 0x0000000800000000)
  region size 2048K, 3 young (6144K), 3 survivors (6144K)
 Metaspace       used 86340K, committed 87040K, reserved 1179648K
  class space    used 12067K, committed 12416K, reserved 1048576K
}
Event: 1633.023 GC heap before
{Heap before GC invocations=59 (full 3):
 garbage-first heap   total 524288K, used 176392K [0x0000000701800000, 0x0000000800000000)
  region size 2048K, 40 young (81920K), 3 survivors (6144K)
 Metaspace       used 86399K, committed 87040K, reserved 1179648K
  class space    used 12067K, committed 12416K, reserved 1048576K
}
Event: 1633.027 GC heap after
{Heap after GC invocations=60 (full 3):
 garbage-first heap   total 524288K, used 100544K [0x0000000701800000, 0x0000000800000000)
  region size 2048K, 3 young (6144K), 3 survivors (6144K)
 Metaspace       used 86399K, committed 87040K, reserved 1179648K
  class space    used 12067K, committed 12416K, reserved 1048576K
}

