# JRE version: OpenJDK Runtime Environment Temurin-17.0.7+7 (17.0.7+7) (build 17.0.7+7)
# Java VM: OpenJDK 64-Bit Server VM Temurin-17.0.7+7 (17.0.7+7, mixed mode, sharing, tiered, compressed oops, compressed class ptrs, g1 gc, windows-amd64)
GC Precious Log:
 CPUs: 8 total, 8 available
 Memory: 8013M
 Large Page Support: Disabled
 NUMA Support: Disabled
 Compressed Oops: Enabled (Zero based)
 Heap Region Size: 2M
 Heap Min Capacity: 512M
 Heap Initial Capacity: 512M
 Heap Max Capacity: 4072M
 Pre-touch: Disabled
 Parallel Workers: 8
 Concurrent Workers: 2
 Concurrent Refinement Workers: 8
 Periodic GC: Disabled
 String Deduplication is enabled
Heap:
 garbage-first heap   total 524288K, used 151025K [0x0000000701800000, 0x0000000800000000)
  region size 2048K, 22 young (45056K), 1 survivors (2048K)
 Metaspace       used 94497K, committed 95296K, reserved 1179648K
  class space    used 13697K, committed 14080K, reserved 1048576K
GC Heap History (20 events):
Event: 2387.118 GC heap before
{Heap before GC invocations=138 (full 6):
 garbage-first heap   total 524288K, used 191469K [0x0000000701800000, 0x0000000800000000)
  region size 2048K, 40 young (81920K), 0 survivors (0K)
 Metaspace       used 94450K, committed 95232K, reserved 1179648K
  class space    used 13697K, committed 14080K, reserved 1048576K
}
Event: 2387.120 GC heap after
{Heap after GC invocations=139 (full 6):
 garbage-first heap   total 524288K, used 109895K [0x0000000701800000, 0x0000000800000000)
  region size 2048K, 1 young (2048K), 1 survivors (2048K)
 Metaspace       used 94450K, committed 95232K, reserved 1179648K
  class space    used 13697K, committed 14080K, reserved 1048576K
}
Event: 2460.588 GC heap before
{Heap before GC invocations=139 (full 6):
 garbage-first heap   total 524288K, used 189767K [0x0000000701800000, 0x0000000800000000)
  region size 2048K, 40 young (81920K), 1 survivors (2048K)
 Metaspace       used 94453K, committed 95232K, reserved 1179648K
  class space    used 13697K, committed 14080K, reserved 1048576K
}
Event: 2460.590 GC heap after
{Heap after GC invocations=140 (full 6):
 garbage-first heap   total 524288K, used 109922K [0x0000000701800000, 0x0000000800000000)
  region size 2048K, 1 young (2048K), 1 survivors (2048K)
 Metaspace       used 94453K, committed 95232K, reserved 1179648K
  class space    used 13697K, committed 14080K, reserved 1048576K
}
Event: 2576.526 GC heap before
{Heap before GC invocations=140 (full 6):
 garbage-first heap   total 524288K, used 189794K [0x0000000701800000, 0x0000000800000000)
  region size 2048K, 40 young (81920K), 1 survivors (2048K)
 Metaspace       used 94453K, committed 95232K, reserved 1179648K
  class space    used 13697K, committed 14080K, reserved 1048576K
}
Event: 2576.528 GC heap after
{Heap after GC invocations=141 (full 6):
 garbage-first heap   total 524288K, used 110008K [0x0000000701800000, 0x0000000800000000)
  region size 2048K, 1 young (2048K), 1 survivors (2048K)
 Metaspace       used 94453K, committed 95232K, reserved 1179648K
  class space    used 13697K, committed 14080K, reserved 1048576K
}
Event: 2644.893 GC heap before
{Heap before GC invocations=141 (full 6):
 garbage-first heap   total 524288K, used 189880K [0x0000000701800000, 0x0000000800000000)
  region size 2048K, 40 young (81920K), 1 survivors (2048K)
 Metaspace       used 94456K, committed 95232K, reserved 1179648K
  class space    used 13697K, committed 14080K, reserved 1048576K
}
Event: 2644.895 GC heap after
{Heap after GC invocations=142 (full 6):
 garbage-first heap   total 524288K, used 110000K [0x0000000701800000, 0x0000000800000000)
  region size 2048K, 1 young (2048K), 1 survivors (2048K)
 Metaspace       used 94456K, committed 95232K, reserved 1179648K
  class space    used 13697K, committed 14080K, reserved 1048576K
}
Event: 2683.946 GC heap before
{Heap before GC invocations=142 (full 6):
 garbage-first heap   total 524288K, used 189872K [0x0000000701800000, 0x0000000800000000)
  region size 2048K, 40 young (81920K), 1 survivors (2048K)
 Metaspace       used 94461K, committed 95232K, reserved 1179648K
  class space    used 13697K, committed 14080K, reserved 1048576K
}
Event: 2683.948 GC heap after
{Heap after GC invocations=143 (full 6):
 garbage-first heap   total 524288K, used 109981K [0x0000000701800000, 0x0000000800000000)
  region size 2048K, 1 young (2048K), 1 survivors (2048K)
 Metaspace       used 94461K, committed 95232K, reserved 1179648K
  class space    used 13697K, committed 14080K, reserved 1048576K
}
Event: 2722.765 GC heap before
{Heap before GC invocations=143 (full 6):
 garbage-first heap   total 524288K, used 189853K [0x0000000701800000, 0x0000000800000000)
  region size 2048K, 40 young (81920K), 1 survivors (2048K)
 Metaspace       used 94469K, committed 95232K, reserved 1179648K
  class space    used 13697K, committed 14080K, reserved 1048576K
}
Event: 2722.766 GC heap after
{Heap after GC invocations=144 (full 6):
 garbage-first heap   total 524288K, used 110046K [0x0000000701800000, 0x0000000800000000)
  region size 2048K, 1 young (2048K), 1 survivors (2048K)
 Metaspace       used 94469K, committed 95232K, reserved 1179648K
  class space    used 13697K, committed 14080K, reserved 1048576K
}
Event: 2790.802 GC heap before
{Heap before GC invocations=144 (full 6):
 garbage-first heap   total 524288K, used 189918K [0x0000000701800000, 0x0000000800000000)
  region size 2048K, 40 young (81920K), 1 survivors (2048K)
 Metaspace       used 94476K, committed 95232K, reserved 1179648K
  class space    used 13697K, committed 14080K, reserved 1048576K
}
Event: 2790.803 GC heap after
{Heap after GC invocations=145 (full 6):
 garbage-first heap   total 524288K, used 110098K [0x0000000701800000, 0x0000000800000000)
  region size 2048K, 1 young (2048K), 1 survivors (2048K)
 Metaspace       used 94476K, committed 95232K, reserved 1179648K
  class space    used 13697K, committed 14080K, reserved 1048576K
}
Event: 2844.279 GC heap before
{Heap before GC invocations=145 (full 6):
 garbage-first heap   total 524288K, used 189970K [0x0000000701800000, 0x0000000800000000)
  region size 2048K, 40 young (81920K), 1 survivors (2048K)
 Metaspace       used 94482K, committed 95232K, reserved 1179648K
  class space    used 13697K, committed 14080K, reserved 1048576K
}
Event: 2844.280 GC heap after
{Heap after GC invocations=146 (full 6):
 garbage-first heap   total 524288K, used 110093K [0x0000000701800000, 0x0000000800000000)
  region size 2048K, 1 young (2048K), 1 survivors (2048K)
 Metaspace       used 94482K, committed 95232K, reserved 1179648K
  class space    used 13697K, committed 14080K, reserved 1048576K
}
Event: 2890.050 GC heap before
{Heap before GC invocations=146 (full 6):
 garbage-first heap   total 524288K, used 189965K [0x0000000701800000, 0x0000000800000000)
  region size 2048K, 40 young (81920K), 1 survivors (2048K)
 Metaspace       used 94482K, committed 95232K, reserved 1179648K
  class space    used 13697K, committed 14080K, reserved 1048576K
}
Event: 2890.052 GC heap after
{Heap after GC invocations=147 (full 6):
 garbage-first heap   total 524288K, used 110158K [0x0000000701800000, 0x0000000800000000)
  region size 2048K, 1 young (2048K), 1 survivors (2048K)
 Metaspace       used 94482K, committed 95232K, reserved 1179648K
  class space    used 13697K, committed 14080K, reserved 1048576K
}
Event: 2891.039 GC heap before
{Heap before GC invocations=147 (full 6):
 garbage-first heap   total 524288K, used 190030K [0x0000000701800000, 0x0000000800000000)
  region size 2048K, 40 young (81920K), 1 survivors (2048K)
 Metaspace       used 94482K, committed 95232K, reserved 1179648K
  class space    used 13697K, committed 14080K, reserved 1048576K
}
Event: 2891.041 GC heap after
{Heap after GC invocations=148 (full 6):
 garbage-first heap   total 524288K, used 110065K [0x0000000701800000, 0x0000000800000000)
  region size 2048K, 1 young (2048K), 1 survivors (2048K)
 Metaspace       used 94482K, committed 95232K, reserved 1179648K
  class space    used 13697K, committed 14080K, reserved 1048576K
}

