# JRE version: OpenJDK Runtime Environment Temurin-17.0.7+7 (17.0.7+7) (build 17.0.7+7)
# Java VM: OpenJDK 64-Bit Server VM Temurin-17.0.7+7 (17.0.7+7, mixed mode, sharing, tiered, compressed oops, compressed class ptrs, g1 gc, windows-amd64)
GC Precious Log:
 CPUs: 8 total, 8 available
 Memory: 8013M
 Large Page Support: Disabled
 NUMA Support: Disabled
 Compressed Oops: Enabled (Zero based)
 Heap Region Size: 2M
 Heap Min Capacity: 512M
 Heap Initial Capacity: 512M
 Heap Max Capacity: 4072M
 Pre-touch: Disabled
 Parallel Workers: 8
 Concurrent Workers: 2
 Concurrent Refinement Workers: 8
 Periodic GC: Disabled
 String Deduplication is enabled
Heap:
 garbage-first heap   total 524288K, used 128720K [0x0000000701800000, 0x0000000800000000)
  region size 2048K, 18 young (36864K), 2 survivors (4096K)
 Metaspace       used 93586K, committed 94464K, reserved 1179648K
  class space    used 12439K, committed 12992K, reserved 1048576K
GC Heap History (20 events):
Event: 9542.567 GC heap before
{Heap before GC invocations=452 (full 14):
 garbage-first heap   total 524288K, used 177160K [0x0000000701800000, 0x0000000800000000)
  region size 2048K, 40 young (81920K), 1 survivors (2048K)
 Metaspace       used 93511K, committed 94400K, reserved 1179648K
  class space    used 12438K, committed 12992K, reserved 1048576K
}
Event: 9542.570 GC heap after
{Heap after GC invocations=453 (full 14):
 garbage-first heap   total 524288K, used 96945K [0x0000000701800000, 0x0000000800000000)
  region size 2048K, 1 young (2048K), 1 survivors (2048K)
 Metaspace       used 93511K, committed 94400K, reserved 1179648K
  class space    used 12438K, committed 12992K, reserved 1048576K
}
Event: 9561.822 GC heap before
{Heap before GC invocations=453 (full 14):
 garbage-first heap   total 524288K, used 176817K [0x0000000701800000, 0x0000000800000000)
  region size 2048K, 40 young (81920K), 1 survivors (2048K)
 Metaspace       used 93514K, committed 94400K, reserved 1179648K
  class space    used 12438K, committed 12992K, reserved 1048576K
}
Event: 9561.825 GC heap after
{Heap after GC invocations=454 (full 14):
 garbage-first heap   total 524288K, used 96773K [0x0000000701800000, 0x0000000800000000)
  region size 2048K, 1 young (2048K), 1 survivors (2048K)
 Metaspace       used 93514K, committed 94400K, reserved 1179648K
  class space    used 12438K, committed 12992K, reserved 1048576K
}
Event: 9575.136 GC heap before
{Heap before GC invocations=454 (full 14):
 garbage-first heap   total 524288K, used 176645K [0x0000000701800000, 0x0000000800000000)
  region size 2048K, 40 young (81920K), 1 survivors (2048K)
 Metaspace       used 93515K, committed 94400K, reserved 1179648K
  class space    used 12438K, committed 12992K, reserved 1048576K
}
Event: 9575.138 GC heap after
{Heap after GC invocations=455 (full 14):
 garbage-first heap   total 524288K, used 96922K [0x0000000701800000, 0x0000000800000000)
  region size 2048K, 1 young (2048K), 1 survivors (2048K)
 Metaspace       used 93515K, committed 94400K, reserved 1179648K
  class space    used 12438K, committed 12992K, reserved 1048576K
}
Event: 9582.398 GC heap before
{Heap before GC invocations=455 (full 14):
 garbage-first heap   total 524288K, used 176794K [0x0000000701800000, 0x0000000800000000)
  region size 2048K, 40 young (81920K), 1 survivors (2048K)
 Metaspace       used 93524K, committed 94400K, reserved 1179648K
  class space    used 12438K, committed 12992K, reserved 1048576K
}
Event: 9582.401 GC heap after
{Heap after GC invocations=456 (full 14):
 garbage-first heap   total 524288K, used 97120K [0x0000000701800000, 0x0000000800000000)
  region size 2048K, 1 young (2048K), 1 survivors (2048K)
 Metaspace       used 93524K, committed 94400K, reserved 1179648K
  class space    used 12438K, committed 12992K, reserved 1048576K
}
Event: 9599.448 GC heap before
{Heap before GC invocations=456 (full 14):
 garbage-first heap   total 524288K, used 176992K [0x0000000701800000, 0x0000000800000000)
  region size 2048K, 40 young (81920K), 1 survivors (2048K)
 Metaspace       used 93532K, committed 94400K, reserved 1179648K
  class space    used 12438K, committed 12992K, reserved 1048576K
}
Event: 9599.451 GC heap after
{Heap after GC invocations=457 (full 14):
 garbage-first heap   total 524288K, used 97498K [0x0000000701800000, 0x0000000800000000)
  region size 2048K, 1 young (2048K), 1 survivors (2048K)
 Metaspace       used 93532K, committed 94400K, reserved 1179648K
  class space    used 12438K, committed 12992K, reserved 1048576K
}
Event: 9602.606 GC heap before
{Heap before GC invocations=457 (full 14):
 garbage-first heap   total 524288K, used 177370K [0x0000000701800000, 0x0000000800000000)
  region size 2048K, 40 young (81920K), 1 survivors (2048K)
 Metaspace       used 93532K, committed 94400K, reserved 1179648K
  class space    used 12438K, committed 12992K, reserved 1048576K
}
Event: 9602.609 GC heap after
{Heap after GC invocations=458 (full 14):
 garbage-first heap   total 524288K, used 98011K [0x0000000701800000, 0x0000000800000000)
  region size 2048K, 2 young (4096K), 2 survivors (4096K)
 Metaspace       used 93532K, committed 94400K, reserved 1179648K
  class space    used 12438K, committed 12992K, reserved 1048576K
}
Event: 9635.889 GC heap before
{Heap before GC invocations=458 (full 14):
 garbage-first heap   total 524288K, used 175835K [0x0000000701800000, 0x0000000800000000)
  region size 2048K, 40 young (81920K), 2 survivors (4096K)
 Metaspace       used 93546K, committed 94464K, reserved 1179648K
  class space    used 12438K, committed 12992K, reserved 1048576K
}
Event: 9635.893 GC heap after
{Heap after GC invocations=459 (full 14):
 garbage-first heap   total 524288K, used 98106K [0x0000000701800000, 0x0000000800000000)
  region size 2048K, 2 young (4096K), 2 survivors (4096K)
 Metaspace       used 93546K, committed 94464K, reserved 1179648K
  class space    used 12438K, committed 12992K, reserved 1048576K
}
Event: 9641.592 GC heap before
{Heap before GC invocations=459 (full 14):
 garbage-first heap   total 524288K, used 175930K [0x0000000701800000, 0x0000000800000000)
  region size 2048K, 40 young (81920K), 2 survivors (4096K)
 Metaspace       used 93574K, committed 94464K, reserved 1179648K
  class space    used 12439K, committed 12992K, reserved 1048576K
}
Event: 9641.594 GC heap after
{Heap after GC invocations=460 (full 14):
 garbage-first heap   total 524288K, used 98844K [0x0000000701800000, 0x0000000800000000)
  region size 2048K, 2 young (4096K), 2 survivors (4096K)
 Metaspace       used 93574K, committed 94464K, reserved 1179648K
  class space    used 12439K, committed 12992K, reserved 1048576K
}
Event: 9644.714 GC heap before
{Heap before GC invocations=460 (full 14):
 garbage-first heap   total 524288K, used 176668K [0x0000000701800000, 0x0000000800000000)
  region size 2048K, 40 young (81920K), 2 survivors (4096K)
 Metaspace       used 93574K, committed 94464K, reserved 1179648K
  class space    used 12439K, committed 12992K, reserved 1048576K
}
Event: 9644.717 GC heap after
{Heap after GC invocations=461 (full 14):
 garbage-first heap   total 524288K, used 98304K [0x0000000701800000, 0x0000000800000000)
  region size 2048K, 2 young (4096K), 2 survivors (4096K)
 Metaspace       used 93574K, committed 94464K, reserved 1179648K
  class space    used 12439K, committed 12992K, reserved 1048576K
}
Event: 9649.857 GC heap before
{Heap before GC invocations=461 (full 14):
 garbage-first heap   total 524288K, used 176128K [0x0000000701800000, 0x0000000800000000)
  region size 2048K, 40 young (81920K), 2 survivors (4096K)
 Metaspace       used 93582K, committed 94464K, reserved 1179648K
  class space    used 12439K, committed 12992K, reserved 1048576K
}
Event: 9649.860 GC heap after
{Heap after GC invocations=462 (full 14):
 garbage-first heap   total 524288K, used 98000K [0x0000000701800000, 0x0000000800000000)
  region size 2048K, 2 young (4096K), 2 survivors (4096K)
 Metaspace       used 93582K, committed 94464K, reserved 1179648K
  class space    used 12439K, committed 12992K, reserved 1048576K
}

